<?xml version="1.0" encoding="UTF-8" ?>
<testsuite errors="0" failures="0" hostname="EPINBANW0945" name="com.AppTest" skipped="0" tests="15" time="0.075" timestamp="2025-11-14T04:51:01">
  <properties>
[...]
</properties>
  <testcase classname="com.AppTest" name="testAddLargeIntegers" time="0.002" />
  <testcase classname="com.AppTest" name="testAddPositiveFloats" time="0.0" />
  <testcase classname="com.AppTest" name="testAddMixedIntegers" time="0.0" />
  <testcase classname="com.AppTest" name="testSubtractLargeIntegers" time="0.0" />
  <testcase classname="com.AppTest" name="testSubtractMixedIntegers" time="0.0" />
  <testcase classname="com.AppTest" name="testSubtractWithZero" time="0.0" />
  <testcase classname="com.AppTest" name="testAddNegativeIntegers" time="0.0" />
  <testcase classname="com.AppTest" name="testAddMixedFloats" time="0.0" />
  <testcase classname="com.AppTest" name="testAddFloatWithZero" time="0.001" />
  <testcase classname="com.AppTest" name="testSubtractNegativeIntegers" time="0.0" />
  <testcase classname="com.AppTest" name="testSubtractResultingInZero" time="0.0" />
  <testcase classname="com.AppTest" name="testAddPositiveIntegers" time="0.0" />
  <testcase classname="com.AppTest" name="testAddWithZero" time="0.001" />
  <testcase classname="com.AppTest" name="testAddNegativeFloats" time="0.0" />
  <testcase classname="com.AppTest" name="testSubtractPositiveIntegers" time="0.0" />
  <system-out><![CDATA[Setting up test...
Test completed.
Setting up test...
Test completed.
Setting up test...
Test completed.
Setting up test...
Test completed.
Setting up test...
Test completed.
Setting up test...
Test completed.
Setting up test...
Test completed.
Setting up test...
Test completed.
Setting up test...
Test completed.
Setting up test...
Test completed.
Setting up test...
Test completed.
Setting up test...
Test completed.
Setting up test...
Test completed.
Setting up test...
Test completed.
Setting up test...
Test completed.
]]></system-out>
  <system-err><![CDATA[]]></system-err>
</testsuite>
